2016-04-14 23:16:36,640 [Worker-199] INFO  o.e.m.c.i.l.LifecycleMappingFactory - Using org.eclipse.m2e.jdt.JarLifecycleMapping lifecycle mapping for MavenProject: com.alimun.keywordframework:KeywordDrivenFramework:1.0-SNAPSHOT @ C:\Users\Liaquat\Cucumber\workspace\KeywordDrivenFramework\pom.xml.
2016-04-14 23:16:41,014 [Worker-199] INFO  o.e.m.j.i.AbstractJavaProjectConfigurator - Adding source folder /KeywordDrivenFramework/src/main/java
2016-04-14 23:16:41,025 [Worker-199] INFO  o.e.m.j.i.AbstractJavaProjectConfigurator - Adding source folder /KeywordDrivenFramework/src/test/java
2016-04-14 23:16:41,319 [Worker-199] INFO  o.e.m.c.i.p.ProjectConfigurationManager - Imported and configured 1 project(s) in 14 sec
2016-04-14 23:16:41,933 [Worker-198] INFO  o.e.m.c.i.embedder.EclipseLogger - Using 'UTF-8' encoding to copy filtered resources.
2016-04-14 23:16:41,933 [Worker-198] INFO  o.e.m.c.i.embedder.EclipseLogger - skip non existing resourceDirectory C:\Users\Liaquat\Cucumber\workspace\KeywordDrivenFramework\src\main\resources
2016-04-14 23:16:41,936 [Worker-198] INFO  o.e.m.c.i.embedder.EclipseLogger - Using 'UTF-8' encoding to copy filtered resources.
2016-04-14 23:16:41,936 [Worker-198] INFO  o.e.m.c.i.embedder.EclipseLogger - skip non existing resourceDirectory C:\Users\Liaquat\Cucumber\workspace\KeywordDrivenFramework\src\test\resources
2016-04-14 23:26:33,968 [Worker-195] INFO  o.e.m.c.i.embedder.EclipseLogger - Using 'UTF-8' encoding to copy filtered resources.
2016-04-14 23:26:33,969 [Worker-195] INFO  o.e.m.c.i.embedder.EclipseLogger - skip non existing resourceDirectory C:\Users\Liaquat\Cucumber\workspace\KeywordDrivenFramework\src\main\resources
2016-04-14 23:26:33,971 [Worker-195] INFO  o.e.m.c.i.embedder.EclipseLogger - Using 'UTF-8' encoding to copy filtered resources.
2016-04-14 23:26:33,971 [Worker-195] INFO  o.e.m.c.i.embedder.EclipseLogger - skip non existing resourceDirectory C:\Users\Liaquat\Cucumber\workspace\KeywordDrivenFramework\src\test\resources
2016-04-14 23:42:17,842 [Worker-203] INFO  o.e.m.c.i.embedder.EclipseLogger - Using 'UTF-8' encoding to copy filtered resources.
2016-04-14 23:42:17,843 [Worker-203] INFO  o.e.m.c.i.embedder.EclipseLogger - skip non existing resourceDirectory C:\Users\Liaquat\Cucumber\workspace\KeywordDrivenFramework\src\main\resources
2016-04-14 23:42:17,845 [Worker-203] INFO  o.e.m.c.i.embedder.EclipseLogger - Using 'UTF-8' encoding to copy filtered resources.
2016-04-14 23:42:17,845 [Worker-203] INFO  o.e.m.c.i.embedder.EclipseLogger - skip non existing resourceDirectory C:\Users\Liaquat\Cucumber\workspace\KeywordDrivenFramework\src\test\resources
2016-04-14 23:46:31,440 [Worker-195] INFO  o.e.m.c.i.embedder.EclipseLogger - Using 'UTF-8' encoding to copy filtered resources.
2016-04-14 23:46:31,440 [Worker-195] INFO  o.e.m.c.i.embedder.EclipseLogger - skip non existing resourceDirectory C:\Users\Liaquat\Cucumber\workspace\KeywordDrivenFramework\src\main\resources
2016-04-14 23:46:31,441 [Worker-195] INFO  o.e.m.c.i.embedder.EclipseLogger - Using 'UTF-8' encoding to copy filtered resources.
2016-04-14 23:46:31,441 [Worker-195] INFO  o.e.m.c.i.embedder.EclipseLogger - skip non existing resourceDirectory C:\Users\Liaquat\Cucumber\workspace\KeywordDrivenFramework\src\test\resources
2016-04-14 23:47:13,738 [Worker-203] INFO  o.e.m.c.i.embedder.EclipseLogger - Using 'UTF-8' encoding to copy filtered resources.
2016-04-14 23:47:13,738 [Worker-203] INFO  o.e.m.c.i.embedder.EclipseLogger - skip non existing resourceDirectory C:\Users\Liaquat\Cucumber\workspace\KeywordDrivenFramework\src\main\resources
2016-04-14 23:47:13,740 [Worker-203] INFO  o.e.m.c.i.embedder.EclipseLogger - Using 'UTF-8' encoding to copy filtered resources.
2016-04-14 23:47:13,740 [Worker-203] INFO  o.e.m.c.i.embedder.EclipseLogger - skip non existing resourceDirectory C:\Users\Liaquat\Cucumber\workspace\KeywordDrivenFramework\src\test\resources
2016-04-14 23:48:05,981 [Worker-195] INFO  o.e.m.c.i.embedder.EclipseLogger - Using 'UTF-8' encoding to copy filtered resources.
2016-04-14 23:48:05,982 [Worker-195] INFO  o.e.m.c.i.embedder.EclipseLogger - skip non existing resourceDirectory C:\Users\Liaquat\Cucumber\workspace\KeywordDrivenFramework\src\main\resources
2016-04-14 23:48:05,983 [Worker-195] INFO  o.e.m.c.i.embedder.EclipseLogger - Using 'UTF-8' encoding to copy filtered resources.
2016-04-14 23:48:05,984 [Worker-195] INFO  o.e.m.c.i.embedder.EclipseLogger - skip non existing resourceDirectory C:\Users\Liaquat\Cucumber\workspace\KeywordDrivenFramework\src\test\resources
2016-04-14 23:48:40,638 [Worker-195] INFO  o.e.m.c.i.embedder.EclipseLogger - Using 'UTF-8' encoding to copy filtered resources.
2016-04-14 23:48:40,638 [Worker-195] INFO  o.e.m.c.i.embedder.EclipseLogger - skip non existing resourceDirectory C:\Users\Liaquat\Cucumber\workspace\KeywordDrivenFramework\src\main\resources
2016-04-14 23:48:40,640 [Worker-195] INFO  o.e.m.c.i.embedder.EclipseLogger - Using 'UTF-8' encoding to copy filtered resources.
2016-04-14 23:48:40,640 [Worker-195] INFO  o.e.m.c.i.embedder.EclipseLogger - skip non existing resourceDirectory C:\Users\Liaquat\Cucumber\workspace\KeywordDrivenFramework\src\test\resources
2016-04-14 23:49:37,497 [Worker-199] INFO  o.e.m.c.i.embedder.EclipseLogger - Using 'UTF-8' encoding to copy filtered resources.
2016-04-14 23:49:37,498 [Worker-199] INFO  o.e.m.c.i.embedder.EclipseLogger - skip non existing resourceDirectory C:\Users\Liaquat\Cucumber\workspace\KeywordDrivenFramework\src\main\resources
2016-04-14 23:49:37,518 [Worker-199] INFO  o.e.m.c.i.embedder.EclipseLogger - Using 'UTF-8' encoding to copy filtered resources.
2016-04-14 23:49:37,518 [Worker-199] INFO  o.e.m.c.i.embedder.EclipseLogger - skip non existing resourceDirectory C:\Users\Liaquat\Cucumber\workspace\KeywordDrivenFramework\src\test\resources
2016-04-14 23:55:41,522 [Worker-209] INFO  o.e.m.c.i.l.LifecycleMappingFactory - Using org.eclipse.m2e.jdt.JarLifecycleMapping lifecycle mapping for MavenProject: com.alimun.keywordframework:KeywordDrivenFramework:1.0-SNAPSHOT @ C:\Users\Liaquat\Cucumber\workspace\KeywordDrivenFramework\pom.xml.
2016-04-14 23:55:42,228 [Worker-209] INFO  o.e.m.c.i.e.AbstractTransferListenerAdapter - Downloading https://repo.maven.apache.org/maven2/org/testng/testng/6.9.8/testng-6.9.8.pom
2016-04-14 23:55:42,328 [Worker-209] INFO  o.e.m.c.i.e.AbstractTransferListenerAdapter - Downloaded https://repo.maven.apache.org/maven2/org/testng/testng/6.9.8/testng-6.9.8.pom
2016-04-14 23:55:42,610 [Worker-209] INFO  o.e.m.c.i.e.AbstractTransferListenerAdapter - Downloading https://repo.maven.apache.org/maven2/org/seleniumhq/selenium/selenium-java/2.53.0/selenium-java-2.53.0.pom
2016-04-14 23:55:42,679 [Worker-209] INFO  o.e.m.c.i.e.AbstractTransferListenerAdapter - Downloaded https://repo.maven.apache.org/maven2/org/seleniumhq/selenium/selenium-java/2.53.0/selenium-java-2.53.0.pom
2016-04-14 23:55:42,775 [Worker-209] INFO  o.e.m.c.i.e.AbstractTransferListenerAdapter - Downloading https://repo.maven.apache.org/maven2/org/seleniumhq/selenium/selenium-parent/2.53.0/selenium-parent-2.53.0.pom
2016-04-14 23:55:42,888 [Worker-209] INFO  o.e.m.c.i.e.AbstractTransferListenerAdapter - Downloaded https://repo.maven.apache.org/maven2/org/seleniumhq/selenium/selenium-parent/2.53.0/selenium-parent-2.53.0.pom
2016-04-14 23:55:43,008 [Worker-209] INFO  o.e.m.c.i.e.AbstractTransferListenerAdapter - Downloading https://repo.maven.apache.org/maven2/org/seleniumhq/selenium/selenium-chrome-driver/2.53.0/selenium-chrome-driver-2.53.0.pom
2016-04-14 23:55:43,105 [Worker-209] INFO  o.e.m.c.i.e.AbstractTransferListenerAdapter - Downloaded https://repo.maven.apache.org/maven2/org/seleniumhq/selenium/selenium-chrome-driver/2.53.0/selenium-chrome-driver-2.53.0.pom
2016-04-14 23:55:43,228 [Worker-209] INFO  o.e.m.c.i.e.AbstractTransferListenerAdapter - Downloading https://repo.maven.apache.org/maven2/org/seleniumhq/selenium/selenium-remote-driver/2.53.0/selenium-remote-driver-2.53.0.pom
2016-04-14 23:55:43,304 [Worker-209] INFO  o.e.m.c.i.e.AbstractTransferListenerAdapter - Downloaded https://repo.maven.apache.org/maven2/org/seleniumhq/selenium/selenium-remote-driver/2.53.0/selenium-remote-driver-2.53.0.pom
2016-04-14 23:55:43,542 [Worker-209] INFO  o.e.m.c.i.e.AbstractTransferListenerAdapter - Downloading https://repo.maven.apache.org/maven2/org/seleniumhq/selenium/selenium-api/2.53.0/selenium-api-2.53.0.pom
2016-04-14 23:55:43,622 [Worker-209] INFO  o.e.m.c.i.e.AbstractTransferListenerAdapter - Downloaded https://repo.maven.apache.org/maven2/org/seleniumhq/selenium/selenium-api/2.53.0/selenium-api-2.53.0.pom
2016-04-14 23:55:43,738 [Worker-209] INFO  o.e.m.c.i.e.AbstractTransferListenerAdapter - Downloading https://repo.maven.apache.org/maven2/com/google/guava/guava/19.0/guava-19.0.pom
2016-04-14 23:55:43,819 [Worker-209] INFO  o.e.m.c.i.e.AbstractTransferListenerAdapter - Downloaded https://repo.maven.apache.org/maven2/com/google/guava/guava/19.0/guava-19.0.pom
2016-04-14 23:55:43,933 [Worker-209] INFO  o.e.m.c.i.e.AbstractTransferListenerAdapter - Downloading https://repo.maven.apache.org/maven2/com/google/guava/guava-parent/19.0/guava-parent-19.0.pom
2016-04-14 23:55:44,040 [Worker-209] INFO  o.e.m.c.i.e.AbstractTransferListenerAdapter - Downloaded https://repo.maven.apache.org/maven2/com/google/guava/guava-parent/19.0/guava-parent-19.0.pom
2016-04-14 23:55:44,245 [Worker-209] INFO  o.e.m.c.i.e.AbstractTransferListenerAdapter - Downloading https://repo.maven.apache.org/maven2/org/apache/httpcomponents/httpclient/4.5.1/httpclient-4.5.1.pom
2016-04-14 23:55:44,348 [Worker-209] INFO  o.e.m.c.i.e.AbstractTransferListenerAdapter - Downloaded https://repo.maven.apache.org/maven2/org/apache/httpcomponents/httpclient/4.5.1/httpclient-4.5.1.pom
2016-04-14 23:55:44,437 [Worker-209] INFO  o.e.m.c.i.e.AbstractTransferListenerAdapter - Downloading https://repo.maven.apache.org/maven2/org/apache/httpcomponents/httpcomponents-client/4.5.1/httpcomponents-client-4.5.1.pom
2016-04-14 23:55:44,768 [Worker-209] INFO  o.e.m.c.i.e.AbstractTransferListenerAdapter - Downloaded https://repo.maven.apache.org/maven2/org/apache/httpcomponents/httpcomponents-client/4.5.1/httpcomponents-client-4.5.1.pom
2016-04-14 23:55:44,935 [Worker-209] INFO  o.e.m.c.i.e.AbstractTransferListenerAdapter - Downloading https://repo.maven.apache.org/maven2/org/apache/httpcomponents/httpcore/4.4.3/httpcore-4.4.3.pom
2016-04-14 23:55:45,003 [Worker-209] INFO  o.e.m.c.i.e.AbstractTransferListenerAdapter - Downloaded https://repo.maven.apache.org/maven2/org/apache/httpcomponents/httpcore/4.4.3/httpcore-4.4.3.pom
2016-04-14 23:55:45,186 [Worker-209] INFO  o.e.m.c.i.e.AbstractTransferListenerAdapter - Downloading https://repo.maven.apache.org/maven2/org/apache/httpcomponents/httpcomponents-core/4.4.3/httpcomponents-core-4.4.3.pom
2016-04-14 23:55:45,300 [Worker-209] INFO  o.e.m.c.i.e.AbstractTransferListenerAdapter - Downloaded https://repo.maven.apache.org/maven2/org/apache/httpcomponents/httpcomponents-core/4.4.3/httpcomponents-core-4.4.3.pom
2016-04-14 23:55:45,956 [Worker-209] INFO  o.e.m.c.i.e.AbstractTransferListenerAdapter - Downloading https://repo.maven.apache.org/maven2/org/seleniumhq/selenium/selenium-edge-driver/2.53.0/selenium-edge-driver-2.53.0.pom
2016-04-14 23:55:46,026 [Worker-209] INFO  o.e.m.c.i.e.AbstractTransferListenerAdapter - Downloaded https://repo.maven.apache.org/maven2/org/seleniumhq/selenium/selenium-edge-driver/2.53.0/selenium-edge-driver-2.53.0.pom
2016-04-14 23:55:46,356 [Worker-209] INFO  o.e.m.c.i.e.AbstractTransferListenerAdapter - Downloading https://repo.maven.apache.org/maven2/org/seleniumhq/selenium/selenium-firefox-driver/2.53.0/selenium-firefox-driver-2.53.0.pom
2016-04-14 23:55:46,507 [Worker-209] INFO  o.e.m.c.i.e.AbstractTransferListenerAdapter - Downloaded https://repo.maven.apache.org/maven2/org/seleniumhq/selenium/selenium-firefox-driver/2.53.0/selenium-firefox-driver-2.53.0.pom
2016-04-14 23:55:46,598 [Worker-209] INFO  o.e.m.c.i.e.AbstractTransferListenerAdapter - Downloading https://repo.maven.apache.org/maven2/org/seleniumhq/selenium/selenium-ie-driver/2.53.0/selenium-ie-driver-2.53.0.pom
2016-04-14 23:55:46,667 [Worker-209] INFO  o.e.m.c.i.e.AbstractTransferListenerAdapter - Downloaded https://repo.maven.apache.org/maven2/org/seleniumhq/selenium/selenium-ie-driver/2.53.0/selenium-ie-driver-2.53.0.pom
2016-04-14 23:55:46,820 [Worker-209] INFO  o.e.m.c.i.e.AbstractTransferListenerAdapter - Downloading https://repo.maven.apache.org/maven2/org/seleniumhq/selenium/selenium-safari-driver/2.53.0/selenium-safari-driver-2.53.0.pom
2016-04-14 23:55:46,948 [Worker-209] INFO  o.e.m.c.i.e.AbstractTransferListenerAdapter - Downloaded https://repo.maven.apache.org/maven2/org/seleniumhq/selenium/selenium-safari-driver/2.53.0/selenium-safari-driver-2.53.0.pom
2016-04-14 23:55:47,197 [Worker-209] INFO  o.e.m.c.i.e.AbstractTransferListenerAdapter - Downloading https://repo.maven.apache.org/maven2/io/netty/netty/3.5.7.Final/netty-3.5.7.Final.pom
2016-04-14 23:55:47,350 [Worker-209] INFO  o.e.m.c.i.e.AbstractTransferListenerAdapter - Downloaded https://repo.maven.apache.org/maven2/io/netty/netty/3.5.7.Final/netty-3.5.7.Final.pom
2016-04-14 23:55:47,440 [Worker-209] INFO  o.e.m.c.i.e.AbstractTransferListenerAdapter - Downloading https://repo.maven.apache.org/maven2/org/seleniumhq/selenium/selenium-support/2.53.0/selenium-support-2.53.0.pom
2016-04-14 23:55:47,513 [Worker-209] INFO  o.e.m.c.i.e.AbstractTransferListenerAdapter - Downloaded https://repo.maven.apache.org/maven2/org/seleniumhq/selenium/selenium-support/2.53.0/selenium-support-2.53.0.pom
2016-04-14 23:55:47,623 [Worker-209] INFO  o.e.m.c.i.e.AbstractTransferListenerAdapter - Downloading https://repo.maven.apache.org/maven2/org/seleniumhq/selenium/selenium-leg-rc/2.53.0/selenium-leg-rc-2.53.0.pom
2016-04-14 23:55:47,703 [Worker-209] INFO  o.e.m.c.i.e.AbstractTransferListenerAdapter - Downloaded https://repo.maven.apache.org/maven2/org/seleniumhq/selenium/selenium-leg-rc/2.53.0/selenium-leg-rc-2.53.0.pom
2016-04-14 23:55:48,140 [Worker-209] INFO  o.e.m.c.i.e.AbstractTransferListenerAdapter - Downloading https://repo.maven.apache.org/maven2/org/testng/testng/6.9.8/testng-6.9.8.jar
2016-04-14 23:55:55,102 [Worker-209] INFO  o.e.m.c.i.e.AbstractTransferListenerAdapter - Downloaded https://repo.maven.apache.org/maven2/org/testng/testng/6.9.8/testng-6.9.8.jar
2016-04-14 23:55:55,156 [Worker-209] INFO  o.e.m.c.i.e.AbstractTransferListenerAdapter - Downloading https://repo.maven.apache.org/maven2/org/seleniumhq/selenium/selenium-java/2.53.0/selenium-java-2.53.0.jar
2016-04-14 23:55:55,229 [Worker-209] INFO  o.e.m.c.i.e.AbstractTransferListenerAdapter - Downloaded https://repo.maven.apache.org/maven2/org/seleniumhq/selenium/selenium-java/2.53.0/selenium-java-2.53.0.jar
2016-04-14 23:55:55,289 [Worker-209] INFO  o.e.m.c.i.e.AbstractTransferListenerAdapter - Downloading https://repo.maven.apache.org/maven2/org/seleniumhq/selenium/selenium-chrome-driver/2.53.0/selenium-chrome-driver-2.53.0.jar
2016-04-14 23:55:55,389 [Worker-209] INFO  o.e.m.c.i.e.AbstractTransferListenerAdapter - Downloaded https://repo.maven.apache.org/maven2/org/seleniumhq/selenium/selenium-chrome-driver/2.53.0/selenium-chrome-driver-2.53.0.jar
2016-04-14 23:55:55,495 [Worker-209] INFO  o.e.m.c.i.e.AbstractTransferListenerAdapter - Downloading https://repo.maven.apache.org/maven2/org/seleniumhq/selenium/selenium-remote-driver/2.53.0/selenium-remote-driver-2.53.0.jar
2016-04-14 23:55:56,318 [Worker-209] INFO  o.e.m.c.i.e.AbstractTransferListenerAdapter - Downloaded https://repo.maven.apache.org/maven2/org/seleniumhq/selenium/selenium-remote-driver/2.53.0/selenium-remote-driver-2.53.0.jar
2016-04-14 23:55:56,377 [Worker-209] INFO  o.e.m.c.i.e.AbstractTransferListenerAdapter - Downloading https://repo.maven.apache.org/maven2/org/seleniumhq/selenium/selenium-api/2.53.0/selenium-api-2.53.0.jar
2016-04-14 23:55:56,817 [Worker-209] INFO  o.e.m.c.i.e.AbstractTransferListenerAdapter - Downloaded https://repo.maven.apache.org/maven2/org/seleniumhq/selenium/selenium-api/2.53.0/selenium-api-2.53.0.jar
2016-04-14 23:55:56,876 [Worker-209] INFO  o.e.m.c.i.e.AbstractTransferListenerAdapter - Downloading https://repo.maven.apache.org/maven2/org/apache/httpcomponents/httpclient/4.5.1/httpclient-4.5.1.jar
2016-04-14 23:56:00,722 [Worker-209] INFO  o.e.m.c.i.e.AbstractTransferListenerAdapter - Downloaded https://repo.maven.apache.org/maven2/org/apache/httpcomponents/httpclient/4.5.1/httpclient-4.5.1.jar
2016-04-14 23:56:00,824 [Worker-209] INFO  o.e.m.c.i.e.AbstractTransferListenerAdapter - Downloading https://repo.maven.apache.org/maven2/org/apache/httpcomponents/httpcore/4.4.3/httpcore-4.4.3.jar
2016-04-14 23:56:02,164 [Worker-209] INFO  o.e.m.c.i.e.AbstractTransferListenerAdapter - Downloaded https://repo.maven.apache.org/maven2/org/apache/httpcomponents/httpcore/4.4.3/httpcore-4.4.3.jar
2016-04-14 23:56:02,274 [Worker-209] INFO  o.e.m.c.i.e.AbstractTransferListenerAdapter - Downloading https://repo.maven.apache.org/maven2/com/google/guava/guava/19.0/guava-19.0.jar
2016-04-14 23:56:09,936 [Worker-209] INFO  o.e.m.c.i.e.AbstractTransferListenerAdapter - Downloaded https://repo.maven.apache.org/maven2/com/google/guava/guava/19.0/guava-19.0.jar
2016-04-14 23:56:09,991 [Worker-209] INFO  o.e.m.c.i.e.AbstractTransferListenerAdapter - Downloading https://repo.maven.apache.org/maven2/org/seleniumhq/selenium/selenium-edge-driver/2.53.0/selenium-edge-driver-2.53.0.jar
2016-04-14 23:56:10,070 [Worker-209] INFO  o.e.m.c.i.e.AbstractTransferListenerAdapter - Downloaded https://repo.maven.apache.org/maven2/org/seleniumhq/selenium/selenium-edge-driver/2.53.0/selenium-edge-driver-2.53.0.jar
2016-04-14 23:56:10,176 [Worker-209] INFO  o.e.m.c.i.e.AbstractTransferListenerAdapter - Downloading https://repo.maven.apache.org/maven2/org/seleniumhq/selenium/selenium-firefox-driver/2.53.0/selenium-firefox-driver-2.53.0.jar
2016-04-14 23:56:13,021 [Worker-209] INFO  o.e.m.c.i.e.AbstractTransferListenerAdapter - Downloaded https://repo.maven.apache.org/maven2/org/seleniumhq/selenium/selenium-firefox-driver/2.53.0/selenium-firefox-driver-2.53.0.jar
2016-04-14 23:56:13,101 [Worker-209] INFO  o.e.m.c.i.e.AbstractTransferListenerAdapter - Downloading https://repo.maven.apache.org/maven2/org/seleniumhq/selenium/selenium-ie-driver/2.53.0/selenium-ie-driver-2.53.0.jar
2016-04-14 23:56:13,217 [Worker-209] INFO  o.e.m.c.i.e.AbstractTransferListenerAdapter - Downloaded https://repo.maven.apache.org/maven2/org/seleniumhq/selenium/selenium-ie-driver/2.53.0/selenium-ie-driver-2.53.0.jar
2016-04-14 23:56:13,299 [Worker-209] INFO  o.e.m.c.i.e.AbstractTransferListenerAdapter - Downloading https://repo.maven.apache.org/maven2/org/seleniumhq/selenium/selenium-safari-driver/2.53.0/selenium-safari-driver-2.53.0.jar
2016-04-14 23:56:14,040 [Worker-209] INFO  o.e.m.c.i.e.AbstractTransferListenerAdapter - Downloaded https://repo.maven.apache.org/maven2/org/seleniumhq/selenium/selenium-safari-driver/2.53.0/selenium-safari-driver-2.53.0.jar
2016-04-14 23:56:14,151 [Worker-209] INFO  o.e.m.c.i.e.AbstractTransferListenerAdapter - Downloading https://repo.maven.apache.org/maven2/io/netty/netty/3.5.7.Final/netty-3.5.7.Final.jar
2016-04-14 23:56:19,340 [Worker-209] INFO  o.e.m.c.i.e.AbstractTransferListenerAdapter - Downloaded https://repo.maven.apache.org/maven2/io/netty/netty/3.5.7.Final/netty-3.5.7.Final.jar
2016-04-14 23:56:19,451 [Worker-209] INFO  o.e.m.c.i.e.AbstractTransferListenerAdapter - Downloading https://repo.maven.apache.org/maven2/org/seleniumhq/selenium/selenium-support/2.53.0/selenium-support-2.53.0.jar
2016-04-14 23:56:20,231 [Worker-209] INFO  o.e.m.c.i.e.AbstractTransferListenerAdapter - Downloaded https://repo.maven.apache.org/maven2/org/seleniumhq/selenium/selenium-support/2.53.0/selenium-support-2.53.0.jar
2016-04-14 23:56:20,403 [Worker-209] INFO  o.e.m.c.i.e.AbstractTransferListenerAdapter - Downloading https://repo.maven.apache.org/maven2/org/seleniumhq/selenium/selenium-leg-rc/2.53.0/selenium-leg-rc-2.53.0.jar
2016-04-14 23:56:21,836 [Worker-209] INFO  o.e.m.c.i.e.AbstractTransferListenerAdapter - Downloaded https://repo.maven.apache.org/maven2/org/seleniumhq/selenium/selenium-leg-rc/2.53.0/selenium-leg-rc-2.53.0.jar
2016-04-14 23:56:33,086 [Worker-209] INFO  o.e.m.c.i.embedder.EclipseLogger - Using 'UTF-8' encoding to copy filtered resources.
2016-04-14 23:56:33,087 [Worker-209] INFO  o.e.m.c.i.embedder.EclipseLogger - skip non existing resourceDirectory C:\Users\Liaquat\Cucumber\workspace\KeywordDrivenFramework\src\main\resources
2016-04-14 23:56:33,096 [Worker-209] INFO  o.e.m.c.i.embedder.EclipseLogger - Using 'UTF-8' encoding to copy filtered resources.
2016-04-14 23:56:33,097 [Worker-209] INFO  o.e.m.c.i.embedder.EclipseLogger - skip non existing resourceDirectory C:\Users\Liaquat\Cucumber\workspace\KeywordDrivenFramework\src\test\resources
2016-04-14 23:56:38,907 [Worker-209] INFO  o.e.m.c.i.embedder.EclipseLogger - Using 'UTF-8' encoding to copy filtered resources.
2016-04-14 23:56:38,907 [Worker-209] INFO  o.e.m.c.i.embedder.EclipseLogger - skip non existing resourceDirectory C:\Users\Liaquat\Cucumber\workspace\KeywordDrivenFramework\src\main\resources
2016-04-14 23:56:38,910 [Worker-209] INFO  o.e.m.c.i.embedder.EclipseLogger - Using 'UTF-8' encoding to copy filtered resources.
2016-04-14 23:56:38,910 [Worker-209] INFO  o.e.m.c.i.embedder.EclipseLogger - skip non existing resourceDirectory C:\Users\Liaquat\Cucumber\workspace\KeywordDrivenFramework\src\test\resources
2016-04-14 23:59:24,729 [Worker-209] INFO  o.e.m.c.i.l.LifecycleMappingFactory - Using org.eclipse.m2e.jdt.JarLifecycleMapping lifecycle mapping for MavenProject: com.alimun.keywordframework:KeywordDrivenFramework:1.0-SNAPSHOT @ C:\Users\Liaquat\Cucumber\workspace\KeywordDrivenFramework\pom.xml.
2016-04-14 23:59:26,394 [Worker-209] INFO  o.e.m.c.i.e.AbstractTransferListenerAdapter - Downloading https://repo.maven.apache.org/maven2/org/apache/poi/poi/3.14/poi-3.14.pom
2016-04-14 23:59:26,464 [Worker-209] INFO  o.e.m.c.i.e.AbstractTransferListenerAdapter - Downloaded https://repo.maven.apache.org/maven2/org/apache/poi/poi/3.14/poi-3.14.pom
2016-04-14 23:59:26,616 [Worker-209] INFO  o.e.m.c.i.e.AbstractTransferListenerAdapter - Downloading https://repo.maven.apache.org/maven2/org/apache/poi/poi-ooxml/3.14/poi-ooxml-3.14.pom
2016-04-14 23:59:26,722 [Worker-209] INFO  o.e.m.c.i.e.AbstractTransferListenerAdapter - Downloaded https://repo.maven.apache.org/maven2/org/apache/poi/poi-ooxml/3.14/poi-ooxml-3.14.pom
2016-04-14 23:59:26,810 [Worker-209] INFO  o.e.m.c.i.e.AbstractTransferListenerAdapter - Downloading https://repo.maven.apache.org/maven2/org/apache/poi/poi-ooxml-schemas/3.14/poi-ooxml-schemas-3.14.pom
2016-04-14 23:59:26,880 [Worker-209] INFO  o.e.m.c.i.e.AbstractTransferListenerAdapter - Downloaded https://repo.maven.apache.org/maven2/org/apache/poi/poi-ooxml-schemas/3.14/poi-ooxml-schemas-3.14.pom
2016-04-14 23:59:27,082 [Worker-209] INFO  o.e.m.c.i.e.AbstractTransferListenerAdapter - Downloading https://repo.maven.apache.org/maven2/com/github/virtuald/curvesapi/1.03/curvesapi-1.03.pom
2016-04-14 23:59:27,154 [Worker-209] INFO  o.e.m.c.i.e.AbstractTransferListenerAdapter - Downloaded https://repo.maven.apache.org/maven2/com/github/virtuald/curvesapi/1.03/curvesapi-1.03.pom
2016-04-14 23:59:27,594 [Worker-209] INFO  o.e.m.c.i.e.AbstractTransferListenerAdapter - Downloading https://repo.maven.apache.org/maven2/org/apache/poi/poi/3.14/poi-3.14.jar
2016-04-14 23:59:29,544 [Worker-209] INFO  o.e.m.c.i.e.AbstractTransferListenerAdapter - Downloaded https://repo.maven.apache.org/maven2/org/apache/poi/poi/3.14/poi-3.14.jar
2016-04-14 23:59:29,606 [Worker-209] INFO  o.e.m.c.i.e.AbstractTransferListenerAdapter - Downloading https://repo.maven.apache.org/maven2/org/apache/poi/poi-ooxml/3.14/poi-ooxml-3.14.jar
2016-04-14 23:59:31,395 [Worker-209] INFO  o.e.m.c.i.e.AbstractTransferListenerAdapter - Downloaded https://repo.maven.apache.org/maven2/org/apache/poi/poi-ooxml/3.14/poi-ooxml-3.14.jar
2016-04-14 23:59:31,461 [Worker-209] INFO  o.e.m.c.i.e.AbstractTransferListenerAdapter - Downloading https://repo.maven.apache.org/maven2/org/apache/poi/poi-ooxml-schemas/3.14/poi-ooxml-schemas-3.14.jar
2016-04-14 23:59:43,148 [Worker-209] INFO  o.e.m.c.i.e.AbstractTransferListenerAdapter - Downloaded https://repo.maven.apache.org/maven2/org/apache/poi/poi-ooxml-schemas/3.14/poi-ooxml-schemas-3.14.jar
2016-04-14 23:59:43,207 [Worker-209] INFO  o.e.m.c.i.e.AbstractTransferListenerAdapter - Downloading https://repo.maven.apache.org/maven2/com/github/virtuald/curvesapi/1.03/curvesapi-1.03.jar
2016-04-14 23:59:43,470 [Worker-209] INFO  o.e.m.c.i.e.AbstractTransferListenerAdapter - Downloaded https://repo.maven.apache.org/maven2/com/github/virtuald/curvesapi/1.03/curvesapi-1.03.jar
2016-04-14 23:59:45,396 [Worker-209] INFO  o.e.m.c.i.embedder.EclipseLogger - Using 'UTF-8' encoding to copy filtered resources.
2016-04-14 23:59:45,397 [Worker-209] INFO  o.e.m.c.i.embedder.EclipseLogger - skip non existing resourceDirectory C:\Users\Liaquat\Cucumber\workspace\KeywordDrivenFramework\src\main\resources
2016-04-14 23:59:45,400 [Worker-209] INFO  o.e.m.c.i.embedder.EclipseLogger - Using 'UTF-8' encoding to copy filtered resources.
2016-04-14 23:59:45,400 [Worker-209] INFO  o.e.m.c.i.embedder.EclipseLogger - skip non existing resourceDirectory C:\Users\Liaquat\Cucumber\workspace\KeywordDrivenFramework\src\test\resources
2016-04-15 00:00:47,836 [Worker-207] INFO  o.e.m.c.i.embedder.EclipseLogger - Using 'UTF-8' encoding to copy filtered resources.
2016-04-15 00:00:47,836 [Worker-207] INFO  o.e.m.c.i.embedder.EclipseLogger - skip non existing resourceDirectory C:\Users\Liaquat\Cucumber\workspace\KeywordDrivenFramework\src\main\resources
2016-04-15 00:00:47,839 [Worker-207] INFO  o.e.m.c.i.embedder.EclipseLogger - Using 'UTF-8' encoding to copy filtered resources.
2016-04-15 00:00:47,840 [Worker-207] INFO  o.e.m.c.i.embedder.EclipseLogger - skip non existing resourceDirectory C:\Users\Liaquat\Cucumber\workspace\KeywordDrivenFramework\src\test\resources
2016-04-15 00:01:37,555 [Worker-211] INFO  o.e.m.c.i.embedder.EclipseLogger - Using 'UTF-8' encoding to copy filtered resources.
2016-04-15 00:01:37,555 [Worker-211] INFO  o.e.m.c.i.embedder.EclipseLogger - skip non existing resourceDirectory C:\Users\Liaquat\Cucumber\workspace\KeywordDrivenFramework\src\main\resources
2016-04-15 00:01:37,557 [Worker-211] INFO  o.e.m.c.i.embedder.EclipseLogger - Using 'UTF-8' encoding to copy filtered resources.
2016-04-15 00:01:37,557 [Worker-211] INFO  o.e.m.c.i.embedder.EclipseLogger - skip non existing resourceDirectory C:\Users\Liaquat\Cucumber\workspace\KeywordDrivenFramework\src\test\resources
2016-04-15 00:01:50,060 [Worker-206] INFO  o.e.m.c.i.embedder.EclipseLogger - Using 'UTF-8' encoding to copy filtered resources.
2016-04-15 00:01:50,060 [Worker-206] INFO  o.e.m.c.i.embedder.EclipseLogger - skip non existing resourceDirectory C:\Users\Liaquat\Cucumber\workspace\KeywordDrivenFramework\src\main\resources
2016-04-15 00:01:50,063 [Worker-206] INFO  o.e.m.c.i.embedder.EclipseLogger - Using 'UTF-8' encoding to copy filtered resources.
2016-04-15 00:01:50,063 [Worker-206] INFO  o.e.m.c.i.embedder.EclipseLogger - skip non existing resourceDirectory C:\Users\Liaquat\Cucumber\workspace\KeywordDrivenFramework\src\test\resources
2016-04-15 00:02:10,897 [Worker-207] INFO  o.e.m.c.i.embedder.EclipseLogger - Using 'UTF-8' encoding to copy filtered resources.
2016-04-15 00:02:10,897 [Worker-207] INFO  o.e.m.c.i.embedder.EclipseLogger - skip non existing resourceDirectory C:\Users\Liaquat\Cucumber\workspace\KeywordDrivenFramework\src\main\resources
2016-04-15 00:02:10,899 [Worker-207] INFO  o.e.m.c.i.embedder.EclipseLogger - Using 'UTF-8' encoding to copy filtered resources.
2016-04-15 00:02:10,899 [Worker-207] INFO  o.e.m.c.i.embedder.EclipseLogger - skip non existing resourceDirectory C:\Users\Liaquat\Cucumber\workspace\KeywordDrivenFramework\src\test\resources
2016-04-15 00:02:33,783 [Worker-211] INFO  o.e.m.c.i.embedder.EclipseLogger - Using 'UTF-8' encoding to copy filtered resources.
2016-04-15 00:02:33,783 [Worker-211] INFO  o.e.m.c.i.embedder.EclipseLogger - skip non existing resourceDirectory C:\Users\Liaquat\Cucumber\workspace\KeywordDrivenFramework\src\main\resources
2016-04-15 00:02:33,787 [Worker-211] INFO  o.e.m.c.i.embedder.EclipseLogger - Using 'UTF-8' encoding to copy filtered resources.
2016-04-15 00:02:33,787 [Worker-211] INFO  o.e.m.c.i.embedder.EclipseLogger - skip non existing resourceDirectory C:\Users\Liaquat\Cucumber\workspace\KeywordDrivenFramework\src\test\resources
2016-04-15 00:03:18,922 [Worker-207] INFO  o.e.m.c.i.embedder.EclipseLogger - Using 'UTF-8' encoding to copy filtered resources.
2016-04-15 00:03:18,922 [Worker-207] INFO  o.e.m.c.i.embedder.EclipseLogger - skip non existing resourceDirectory C:\Users\Liaquat\Cucumber\workspace\KeywordDrivenFramework\src\main\resources
2016-04-15 00:03:18,924 [Worker-207] INFO  o.e.m.c.i.embedder.EclipseLogger - Using 'UTF-8' encoding to copy filtered resources.
2016-04-15 00:03:18,924 [Worker-207] INFO  o.e.m.c.i.embedder.EclipseLogger - skip non existing resourceDirectory C:\Users\Liaquat\Cucumber\workspace\KeywordDrivenFramework\src\test\resources
2016-04-15 00:04:04,257 [Worker-210] INFO  o.e.m.c.i.embedder.EclipseLogger - Using 'UTF-8' encoding to copy filtered resources.
2016-04-15 00:04:04,257 [Worker-210] INFO  o.e.m.c.i.embedder.EclipseLogger - skip non existing resourceDirectory C:\Users\Liaquat\Cucumber\workspace\KeywordDrivenFramework\src\main\resources
2016-04-15 00:04:04,260 [Worker-210] INFO  o.e.m.c.i.embedder.EclipseLogger - Using 'UTF-8' encoding to copy filtered resources.
2016-04-15 00:04:04,261 [Worker-210] INFO  o.e.m.c.i.embedder.EclipseLogger - skip non existing resourceDirectory C:\Users\Liaquat\Cucumber\workspace\KeywordDrivenFramework\src\test\resources
2016-04-15 00:22:15,607 [Worker-214] INFO  o.e.m.c.i.embedder.EclipseLogger - Using 'UTF-8' encoding to copy filtered resources.
2016-04-15 00:22:15,608 [Worker-214] INFO  o.e.m.c.i.embedder.EclipseLogger - skip non existing resourceDirectory C:\Users\Liaquat\Cucumber\workspace\KeywordDrivenFramework\src\main\resources
2016-04-15 00:22:15,609 [Worker-214] INFO  o.e.m.c.i.embedder.EclipseLogger - Using 'UTF-8' encoding to copy filtered resources.
2016-04-15 00:22:15,610 [Worker-214] INFO  o.e.m.c.i.embedder.EclipseLogger - skip non existing resourceDirectory C:\Users\Liaquat\Cucumber\workspace\KeywordDrivenFramework\src\test\resources
2016-04-15 00:24:25,127 [Worker-211] INFO  o.e.m.c.i.embedder.EclipseLogger - Using 'UTF-8' encoding to copy filtered resources.
2016-04-15 00:24:25,127 [Worker-211] INFO  o.e.m.c.i.embedder.EclipseLogger - skip non existing resourceDirectory C:\Users\Liaquat\Cucumber\workspace\KeywordDrivenFramework\src\main\resources
2016-04-15 00:24:25,128 [Worker-211] INFO  o.e.m.c.i.embedder.EclipseLogger - Using 'UTF-8' encoding to copy filtered resources.
2016-04-15 00:24:25,129 [Worker-211] INFO  o.e.m.c.i.embedder.EclipseLogger - skip non existing resourceDirectory C:\Users\Liaquat\Cucumber\workspace\KeywordDrivenFramework\src\test\resources
2016-04-15 00:28:21,067 [Worker-215] INFO  o.e.m.c.i.embedder.EclipseLogger - Using 'UTF-8' encoding to copy filtered resources.
2016-04-15 00:28:21,067 [Worker-215] INFO  o.e.m.c.i.embedder.EclipseLogger - skip non existing resourceDirectory C:\Users\Liaquat\Cucumber\workspace\KeywordDrivenFramework\src\main\resources
2016-04-15 00:28:21,070 [Worker-215] INFO  o.e.m.c.i.embedder.EclipseLogger - Using 'UTF-8' encoding to copy filtered resources.
2016-04-15 00:28:21,070 [Worker-215] INFO  o.e.m.c.i.embedder.EclipseLogger - skip non existing resourceDirectory C:\Users\Liaquat\Cucumber\workspace\KeywordDrivenFramework\src\test\resources
2016-04-15 00:28:43,393 [Worker-217] INFO  o.e.m.c.i.embedder.EclipseLogger - Using 'UTF-8' encoding to copy filtered resources.
2016-04-15 00:28:43,393 [Worker-217] INFO  o.e.m.c.i.embedder.EclipseLogger - skip non existing resourceDirectory C:\Users\Liaquat\Cucumber\workspace\KeywordDrivenFramework\src\main\resources
2016-04-15 00:28:43,395 [Worker-217] INFO  o.e.m.c.i.embedder.EclipseLogger - Using 'UTF-8' encoding to copy filtered resources.
2016-04-15 00:28:43,395 [Worker-217] INFO  o.e.m.c.i.embedder.EclipseLogger - skip non existing resourceDirectory C:\Users\Liaquat\Cucumber\workspace\KeywordDrivenFramework\src\test\resources
2016-04-15 00:33:37,383 [Worker-214] INFO  o.e.m.c.i.embedder.EclipseLogger - Using 'UTF-8' encoding to copy filtered resources.
2016-04-15 00:33:37,383 [Worker-214] INFO  o.e.m.c.i.embedder.EclipseLogger - skip non existing resourceDirectory C:\Users\Liaquat\Cucumber\workspace\KeywordDrivenFramework\src\main\resources
2016-04-15 00:33:37,385 [Worker-214] INFO  o.e.m.c.i.embedder.EclipseLogger - Using 'UTF-8' encoding to copy filtered resources.
2016-04-15 00:33:37,385 [Worker-214] INFO  o.e.m.c.i.embedder.EclipseLogger - skip non existing resourceDirectory C:\Users\Liaquat\Cucumber\workspace\KeywordDrivenFramework\src\test\resources
2016-04-15 00:34:42,577 [Worker-220] INFO  o.e.m.c.i.embedder.EclipseLogger - Using 'UTF-8' encoding to copy filtered resources.
2016-04-15 00:34:42,577 [Worker-220] INFO  o.e.m.c.i.embedder.EclipseLogger - skip non existing resourceDirectory C:\Users\Liaquat\Cucumber\workspace\KeywordDrivenFramework\src\main\resources
2016-04-15 00:34:42,578 [Worker-220] INFO  o.e.m.c.i.embedder.EclipseLogger - Using 'UTF-8' encoding to copy filtered resources.
2016-04-15 00:34:42,579 [Worker-220] INFO  o.e.m.c.i.embedder.EclipseLogger - skip non existing resourceDirectory C:\Users\Liaquat\Cucumber\workspace\KeywordDrivenFramework\src\test\resources
2016-04-15 00:35:43,210 [Worker-218] INFO  o.e.m.c.i.embedder.EclipseLogger - Using 'UTF-8' encoding to copy filtered resources.
2016-04-15 00:35:43,211 [Worker-218] INFO  o.e.m.c.i.embedder.EclipseLogger - skip non existing resourceDirectory C:\Users\Liaquat\Cucumber\workspace\KeywordDrivenFramework\src\main\resources
2016-04-15 00:35:43,212 [Worker-218] INFO  o.e.m.c.i.embedder.EclipseLogger - Using 'UTF-8' encoding to copy filtered resources.
2016-04-15 00:35:43,213 [Worker-218] INFO  o.e.m.c.i.embedder.EclipseLogger - skip non existing resourceDirectory C:\Users\Liaquat\Cucumber\workspace\KeywordDrivenFramework\src\test\resources
2016-04-15 00:35:57,653 [Worker-218] INFO  o.e.m.c.i.embedder.EclipseLogger - Using 'UTF-8' encoding to copy filtered resources.
2016-04-15 00:35:57,654 [Worker-218] INFO  o.e.m.c.i.embedder.EclipseLogger - skip non existing resourceDirectory C:\Users\Liaquat\Cucumber\workspace\KeywordDrivenFramework\src\main\resources
2016-04-15 00:35:57,659 [Worker-218] INFO  o.e.m.c.i.embedder.EclipseLogger - Using 'UTF-8' encoding to copy filtered resources.
2016-04-15 00:35:57,659 [Worker-218] INFO  o.e.m.c.i.embedder.EclipseLogger - skip non existing resourceDirectory C:\Users\Liaquat\Cucumber\workspace\KeywordDrivenFramework\src\test\resources
2016-04-15 00:46:57,940 [Worker-221] INFO  o.e.m.c.i.embedder.EclipseLogger - Using 'UTF-8' encoding to copy filtered resources.
2016-04-15 00:46:57,941 [Worker-221] INFO  o.e.m.c.i.embedder.EclipseLogger - skip non existing resourceDirectory C:\Users\Liaquat\Cucumber\workspace\KeywordDrivenFramework\src\main\resources
2016-04-15 00:46:57,942 [Worker-221] INFO  o.e.m.c.i.embedder.EclipseLogger - Using 'UTF-8' encoding to copy filtered resources.
2016-04-15 00:46:57,942 [Worker-221] INFO  o.e.m.c.i.embedder.EclipseLogger - skip non existing resourceDirectory C:\Users\Liaquat\Cucumber\workspace\KeywordDrivenFramework\src\test\resources
2016-04-15 00:48:38,152 [Worker-211] INFO  o.e.m.c.i.embedder.EclipseLogger - Using 'UTF-8' encoding to copy filtered resources.
2016-04-15 00:48:38,152 [Worker-211] INFO  o.e.m.c.i.embedder.EclipseLogger - skip non existing resourceDirectory C:\Users\Liaquat\Cucumber\workspace\KeywordDrivenFramework\src\main\resources
2016-04-15 00:48:38,154 [Worker-211] INFO  o.e.m.c.i.embedder.EclipseLogger - Using 'UTF-8' encoding to copy filtered resources.
2016-04-15 00:48:38,154 [Worker-211] INFO  o.e.m.c.i.embedder.EclipseLogger - skip non existing resourceDirectory C:\Users\Liaquat\Cucumber\workspace\KeywordDrivenFramework\src\test\resources
2016-04-15 00:51:25,082 [Worker-211] INFO  o.e.m.c.i.embedder.EclipseLogger - Using 'UTF-8' encoding to copy filtered resources.
2016-04-15 00:51:25,082 [Worker-211] INFO  o.e.m.c.i.embedder.EclipseLogger - skip non existing resourceDirectory C:\Users\Liaquat\Cucumber\workspace\KeywordDrivenFramework\src\main\resources
2016-04-15 00:51:25,084 [Worker-211] INFO  o.e.m.c.i.embedder.EclipseLogger - Using 'UTF-8' encoding to copy filtered resources.
2016-04-15 00:51:25,084 [Worker-211] INFO  o.e.m.c.i.embedder.EclipseLogger - skip non existing resourceDirectory C:\Users\Liaquat\Cucumber\workspace\KeywordDrivenFramework\src\test\resources
2016-04-15 00:52:49,332 [Worker-218] INFO  o.e.m.c.i.embedder.EclipseLogger - Using 'UTF-8' encoding to copy filtered resources.
2016-04-15 00:52:49,332 [Worker-218] INFO  o.e.m.c.i.embedder.EclipseLogger - skip non existing resourceDirectory C:\Users\Liaquat\Cucumber\workspace\KeywordDrivenFramework\src\main\resources
2016-04-15 00:52:49,334 [Worker-218] INFO  o.e.m.c.i.embedder.EclipseLogger - Using 'UTF-8' encoding to copy filtered resources.
2016-04-15 00:52:49,335 [Worker-218] INFO  o.e.m.c.i.embedder.EclipseLogger - skip non existing resourceDirectory C:\Users\Liaquat\Cucumber\workspace\KeywordDrivenFramework\src\test\resources
2016-04-15 00:54:47,126 [Worker-217] INFO  o.e.m.c.i.embedder.EclipseLogger - Using 'UTF-8' encoding to copy filtered resources.
2016-04-15 00:54:47,127 [Worker-217] INFO  o.e.m.c.i.embedder.EclipseLogger - skip non existing resourceDirectory C:\Users\Liaquat\Cucumber\workspace\KeywordDrivenFramework\src\main\resources
2016-04-15 00:54:47,128 [Worker-217] INFO  o.e.m.c.i.embedder.EclipseLogger - Using 'UTF-8' encoding to copy filtered resources.
2016-04-15 00:54:47,156 [Worker-217] INFO  o.e.m.c.i.embedder.EclipseLogger - Copying 0 resource
2016-04-15 00:57:02,099 [Worker-221] INFO  o.e.m.c.i.embedder.EclipseLogger - Using 'UTF-8' encoding to copy filtered resources.
2016-04-15 00:57:02,099 [Worker-221] INFO  o.e.m.c.i.embedder.EclipseLogger - skip non existing resourceDirectory C:\Users\Liaquat\Cucumber\workspace\KeywordDrivenFramework\src\main\resources
2016-04-15 00:57:02,101 [Worker-221] INFO  o.e.m.c.i.embedder.EclipseLogger - Using 'UTF-8' encoding to copy filtered resources.
2016-04-15 00:57:02,102 [Worker-221] INFO  o.e.m.c.i.embedder.EclipseLogger - Copying 1 resource
2016-04-15 01:00:50,487 [Worker-215] INFO  o.e.m.c.i.embedder.EclipseLogger - Using 'UTF-8' encoding to copy filtered resources.
2016-04-15 01:00:50,487 [Worker-215] INFO  o.e.m.c.i.embedder.EclipseLogger - skip non existing resourceDirectory C:\Users\Liaquat\Cucumber\workspace\KeywordDrivenFramework\src\main\resources
2016-04-15 01:00:50,489 [Worker-215] INFO  o.e.m.c.i.embedder.EclipseLogger - Using 'UTF-8' encoding to copy filtered resources.
2016-04-15 01:00:50,490 [Worker-215] INFO  o.e.m.c.i.embedder.EclipseLogger - Copying 1 resource
2016-04-15 01:19:43,088 [Worker-228] INFO  o.e.m.c.i.l.LifecycleMappingFactory - Using org.eclipse.m2e.jdt.JarLifecycleMapping lifecycle mapping for MavenProject: com.alimun.keywordframework:KeywordDrivenFramework:1.0-SNAPSHOT @ C:\Users\Liaquat\Cucumber\workspace\KeywordDrivenFramework\pom.xml.
2016-04-15 01:19:46,034 [Worker-228] INFO  o.e.m.c.i.embedder.EclipseLogger - Using 'UTF-8' encoding to copy filtered resources.
2016-04-15 01:19:46,035 [Worker-228] INFO  o.e.m.c.i.embedder.EclipseLogger - skip non existing resourceDirectory C:\Users\Liaquat\Cucumber\workspace\KeywordDrivenFramework\src\main\resources
2016-04-15 01:19:46,037 [Worker-228] INFO  o.e.m.c.i.embedder.EclipseLogger - Using 'UTF-8' encoding to copy filtered resources.
2016-04-15 01:19:46,040 [Worker-228] INFO  o.e.m.c.i.embedder.EclipseLogger - Copying 0 resource
2016-04-15 01:21:22,777 [Worker-229] INFO  o.e.m.c.i.embedder.EclipseLogger - Using 'UTF-8' encoding to copy filtered resources.
2016-04-15 01:21:22,777 [Worker-229] INFO  o.e.m.c.i.embedder.EclipseLogger - skip non existing resourceDirectory C:\Users\Liaquat\Cucumber\workspace\KeywordDrivenFramework\src\main\resources
2016-04-15 01:21:22,779 [Worker-229] INFO  o.e.m.c.i.embedder.EclipseLogger - Using 'UTF-8' encoding to copy filtered resources.
2016-04-15 01:21:22,780 [Worker-229] INFO  o.e.m.c.i.embedder.EclipseLogger - Copying 0 resource
2016-04-15 01:32:50,741 [Worker-225] INFO  o.e.m.c.i.embedder.EclipseLogger - Using 'UTF-8' encoding to copy filtered resources.
2016-04-15 01:32:50,742 [Worker-225] INFO  o.e.m.c.i.embedder.EclipseLogger - skip non existing resourceDirectory C:\Users\Liaquat\Cucumber\workspace\KeywordDrivenFramework\src\main\resources
2016-04-15 01:32:50,744 [Worker-225] INFO  o.e.m.c.i.embedder.EclipseLogger - Using 'UTF-8' encoding to copy filtered resources.
2016-04-15 01:32:50,749 [Worker-225] INFO  o.e.m.c.i.embedder.EclipseLogger - Copying 1 resource
2016-04-15 01:34:59,916 [Worker-232] INFO  o.e.m.c.i.embedder.EclipseLogger - Using 'UTF-8' encoding to copy filtered resources.
2016-04-15 01:34:59,917 [Worker-232] INFO  o.e.m.c.i.embedder.EclipseLogger - skip non existing resourceDirectory C:\Users\Liaquat\Cucumber\workspace\KeywordDrivenFramework\src\main\resources
2016-04-15 01:34:59,918 [Worker-232] INFO  o.e.m.c.i.embedder.EclipseLogger - Using 'UTF-8' encoding to copy filtered resources.
2016-04-15 01:34:59,920 [Worker-232] INFO  o.e.m.c.i.embedder.EclipseLogger - Copying 1 resource
2016-04-15 01:35:11,059 [Worker-222] INFO  o.e.m.c.i.embedder.EclipseLogger - Using 'UTF-8' encoding to copy filtered resources.
2016-04-15 01:35:11,059 [Worker-222] INFO  o.e.m.c.i.embedder.EclipseLogger - skip non existing resourceDirectory C:\Users\Liaquat\Cucumber\workspace\KeywordDrivenFramework\src\main\resources
2016-04-15 01:35:11,061 [Worker-222] INFO  o.e.m.c.i.embedder.EclipseLogger - Using 'UTF-8' encoding to copy filtered resources.
2016-04-15 01:35:11,062 [Worker-222] INFO  o.e.m.c.i.embedder.EclipseLogger - Copying 1 resource
2016-04-15 01:36:35,293 [Worker-232] INFO  o.e.m.c.i.embedder.EclipseLogger - Using 'UTF-8' encoding to copy filtered resources.
2016-04-15 01:36:35,294 [Worker-232] INFO  o.e.m.c.i.embedder.EclipseLogger - skip non existing resourceDirectory C:\Users\Liaquat\Cucumber\workspace\KeywordDrivenFramework\src\main\resources
2016-04-15 01:36:35,295 [Worker-232] INFO  o.e.m.c.i.embedder.EclipseLogger - Using 'UTF-8' encoding to copy filtered resources.
2016-04-15 01:36:35,297 [Worker-232] INFO  o.e.m.c.i.embedder.EclipseLogger - Copying 1 resource
2016-04-15 01:38:24,395 [Worker-232] INFO  o.e.m.c.i.embedder.EclipseLogger - Using 'UTF-8' encoding to copy filtered resources.
2016-04-15 01:38:24,395 [Worker-232] INFO  o.e.m.c.i.embedder.EclipseLogger - skip non existing resourceDirectory C:\Users\Liaquat\Cucumber\workspace\KeywordDrivenFramework\src\main\resources
2016-04-15 01:38:24,396 [Worker-232] INFO  o.e.m.c.i.embedder.EclipseLogger - Using 'UTF-8' encoding to copy filtered resources.
2016-04-15 01:38:24,398 [Worker-232] INFO  o.e.m.c.i.embedder.EclipseLogger - Copying 1 resource
2016-04-15 01:39:32,278 [Worker-232] INFO  o.e.m.c.i.embedder.EclipseLogger - Using 'UTF-8' encoding to copy filtered resources.
2016-04-15 01:39:32,278 [Worker-232] INFO  o.e.m.c.i.embedder.EclipseLogger - skip non existing resourceDirectory C:\Users\Liaquat\Cucumber\workspace\KeywordDrivenFramework\src\main\resources
2016-04-15 01:39:32,282 [Worker-232] INFO  o.e.m.c.i.embedder.EclipseLogger - Using 'UTF-8' encoding to copy filtered resources.
2016-04-15 01:39:32,283 [Worker-232] INFO  o.e.m.c.i.embedder.EclipseLogger - Copying 1 resource
2016-04-15 01:40:21,574 [Worker-236] INFO  o.e.m.c.i.embedder.EclipseLogger - Using 'UTF-8' encoding to copy filtered resources.
2016-04-15 01:40:21,575 [Worker-236] INFO  o.e.m.c.i.embedder.EclipseLogger - skip non existing resourceDirectory C:\Users\Liaquat\Cucumber\workspace\KeywordDrivenFramework\src\main\resources
2016-04-15 01:40:21,576 [Worker-236] INFO  o.e.m.c.i.embedder.EclipseLogger - Using 'UTF-8' encoding to copy filtered resources.
2016-04-15 01:40:21,577 [Worker-236] INFO  o.e.m.c.i.embedder.EclipseLogger - Copying 1 resource
2016-04-15 01:45:51,773 [Worker-234] INFO  o.e.m.c.i.embedder.EclipseLogger - Using 'UTF-8' encoding to copy filtered resources.
2016-04-15 01:45:51,773 [Worker-234] INFO  o.e.m.c.i.embedder.EclipseLogger - skip non existing resourceDirectory C:\Users\Liaquat\Cucumber\workspace\KeywordDrivenFramework\src\main\resources
2016-04-15 01:45:51,775 [Worker-234] INFO  o.e.m.c.i.embedder.EclipseLogger - Using 'UTF-8' encoding to copy filtered resources.
2016-04-15 01:45:51,776 [Worker-234] INFO  o.e.m.c.i.embedder.EclipseLogger - Copying 1 resource
2016-04-15 01:47:50,656 [Worker-231] INFO  o.e.m.c.i.embedder.EclipseLogger - Using 'UTF-8' encoding to copy filtered resources.
2016-04-15 01:47:50,656 [Worker-231] INFO  o.e.m.c.i.embedder.EclipseLogger - skip non existing resourceDirectory C:\Users\Liaquat\Cucumber\workspace\KeywordDrivenFramework\src\main\resources
2016-04-15 01:47:50,658 [Worker-231] INFO  o.e.m.c.i.embedder.EclipseLogger - Using 'UTF-8' encoding to copy filtered resources.
2016-04-15 01:47:50,658 [Worker-231] INFO  o.e.m.c.i.embedder.EclipseLogger - Copying 0 resource
2016-04-15 02:14:49,676 [Worker-236] INFO  o.e.m.c.i.embedder.EclipseLogger - Using 'UTF-8' encoding to copy filtered resources.
2016-04-15 02:14:49,678 [Worker-236] INFO  o.e.m.c.i.embedder.EclipseLogger - skip non existing resourceDirectory C:\Users\Liaquat\Cucumber\workspace\KeywordDrivenFramework\src\main\resources
2016-04-15 02:14:49,679 [Worker-236] INFO  o.e.m.c.i.embedder.EclipseLogger - Using 'UTF-8' encoding to copy filtered resources.
2016-04-15 02:14:49,681 [Worker-236] INFO  o.e.m.c.i.embedder.EclipseLogger - Copying 1 resource
2016-04-15 02:17:13,422 [Worker-231] INFO  o.e.m.c.i.embedder.EclipseLogger - Using 'UTF-8' encoding to copy filtered resources.
2016-04-15 02:17:13,422 [Worker-231] INFO  o.e.m.c.i.embedder.EclipseLogger - skip non existing resourceDirectory C:\Users\Liaquat\Cucumber\workspace\KeywordDrivenFramework\src\main\resources
2016-04-15 02:17:13,423 [Worker-231] INFO  o.e.m.c.i.embedder.EclipseLogger - Using 'UTF-8' encoding to copy filtered resources.
2016-04-15 02:17:13,425 [Worker-231] INFO  o.e.m.c.i.embedder.EclipseLogger - Copying 1 resource
2016-04-15 16:32:47,803 [Worker-271] INFO  o.e.m.c.i.embedder.EclipseLogger - Using 'UTF-8' encoding to copy filtered resources.
2016-04-15 16:32:47,890 [Worker-271] INFO  o.e.m.c.i.embedder.EclipseLogger - skip non existing resourceDirectory C:\Users\Liaquat\Cucumber\workspace\KeywordDrivenFramework\src\main\resources
2016-04-15 16:32:47,955 [Worker-271] INFO  o.e.m.c.i.embedder.EclipseLogger - Using 'UTF-8' encoding to copy filtered resources.
2016-04-15 16:32:47,957 [Worker-271] INFO  o.e.m.c.i.embedder.EclipseLogger - Copying 1 resource
2016-04-15 16:35:10,193 [Worker-272] INFO  o.e.m.c.i.embedder.EclipseLogger - Using 'UTF-8' encoding to copy filtered resources.
2016-04-15 16:35:10,194 [Worker-272] INFO  o.e.m.c.i.embedder.EclipseLogger - skip non existing resourceDirectory C:\Users\Liaquat\Cucumber\workspace\KeywordDrivenFramework\src\main\resources
2016-04-15 16:35:10,196 [Worker-272] INFO  o.e.m.c.i.embedder.EclipseLogger - Using 'UTF-8' encoding to copy filtered resources.
2016-04-15 16:35:10,196 [Worker-272] INFO  o.e.m.c.i.embedder.EclipseLogger - Copying 0 resource
2016-04-15 16:35:18,865 [Worker-263] INFO  o.e.m.c.i.embedder.EclipseLogger - Using 'UTF-8' encoding to copy filtered resources.
2016-04-15 16:35:18,866 [Worker-263] INFO  o.e.m.c.i.embedder.EclipseLogger - skip non existing resourceDirectory C:\Users\Liaquat\Cucumber\workspace\KeywordDrivenFramework\src\main\resources
2016-04-15 16:35:18,895 [Worker-263] INFO  o.e.m.c.i.embedder.EclipseLogger - Using 'UTF-8' encoding to copy filtered resources.
2016-04-15 16:35:18,896 [Worker-263] INFO  o.e.m.c.i.embedder.EclipseLogger - Copying 0 resource
2016-04-15 19:09:50,891 [Worker-273] INFO  o.e.m.c.i.embedder.EclipseLogger - Using 'UTF-8' encoding to copy filtered resources.
2016-04-15 19:09:50,905 [Worker-273] INFO  o.e.m.c.i.embedder.EclipseLogger - skip non existing resourceDirectory C:\Users\Liaquat\Cucumber\workspace\KeywordDrivenFramework\src\main\resources
2016-04-15 19:09:50,908 [Worker-273] INFO  o.e.m.c.i.embedder.EclipseLogger - Using 'UTF-8' encoding to copy filtered resources.
2016-04-15 19:09:50,910 [Worker-273] INFO  o.e.m.c.i.embedder.EclipseLogger - Copying 1 resource
2016-04-15 19:17:12,050 [Worker-279] INFO  o.e.m.c.i.embedder.EclipseLogger - Using 'UTF-8' encoding to copy filtered resources.
2016-04-15 19:17:12,050 [Worker-279] INFO  o.e.m.c.i.embedder.EclipseLogger - skip non existing resourceDirectory C:\Users\Liaquat\Cucumber\workspace\KeywordDrivenFramework\src\main\resources
2016-04-15 19:17:12,051 [Worker-279] INFO  o.e.m.c.i.embedder.EclipseLogger - Using 'UTF-8' encoding to copy filtered resources.
2016-04-15 19:17:12,053 [Worker-279] INFO  o.e.m.c.i.embedder.EclipseLogger - Copying 1 resource
2016-04-15 19:19:12,839 [Worker-280] INFO  o.e.m.c.i.embedder.EclipseLogger - Using 'UTF-8' encoding to copy filtered resources.
2016-04-15 19:19:12,840 [Worker-280] INFO  o.e.m.c.i.embedder.EclipseLogger - skip non existing resourceDirectory C:\Users\Liaquat\Cucumber\workspace\KeywordDrivenFramework\src\main\resources
2016-04-15 19:19:12,843 [Worker-280] INFO  o.e.m.c.i.embedder.EclipseLogger - Using 'UTF-8' encoding to copy filtered resources.
2016-04-15 19:19:12,844 [Worker-280] INFO  o.e.m.c.i.embedder.EclipseLogger - Copying 1 resource
2016-04-15 19:21:35,222 [Worker-273] INFO  o.e.m.c.i.embedder.EclipseLogger - Using 'UTF-8' encoding to copy filtered resources.
2016-04-15 19:21:35,223 [Worker-273] INFO  o.e.m.c.i.embedder.EclipseLogger - skip non existing resourceDirectory C:\Users\Liaquat\Cucumber\workspace\KeywordDrivenFramework\src\main\resources
2016-04-15 19:21:35,224 [Worker-273] INFO  o.e.m.c.i.embedder.EclipseLogger - Using 'UTF-8' encoding to copy filtered resources.
2016-04-15 19:21:35,225 [Worker-273] INFO  o.e.m.c.i.embedder.EclipseLogger - Copying 0 resource
2016-04-15 19:26:40,750 [Worker-284] INFO  o.e.m.c.i.l.LifecycleMappingFactory - Using org.eclipse.m2e.jdt.JarLifecycleMapping lifecycle mapping for MavenProject: com.alimun.keywordframework:KeywordDrivenFramework:1.0-SNAPSHOT @ C:\Users\Liaquat\Cucumber\workspace\KeywordDrivenFramework\pom.xml.
2016-04-15 19:26:43,631 [Worker-284] INFO  o.e.m.c.i.embedder.EclipseLogger - Using 'UTF-8' encoding to copy filtered resources.
2016-04-15 19:26:43,632 [Worker-284] INFO  o.e.m.c.i.embedder.EclipseLogger - skip non existing resourceDirectory C:\Users\Liaquat\Cucumber\workspace\KeywordDrivenFramework\src\main\resources
2016-04-15 19:26:43,656 [Worker-284] INFO  o.e.m.c.i.embedder.EclipseLogger - Using 'UTF-8' encoding to copy filtered resources.
2016-04-15 19:26:43,660 [Worker-284] INFO  o.e.m.c.i.embedder.EclipseLogger - Copying 0 resource
2016-04-15 19:27:36,673 [Worker-284] INFO  o.e.m.c.i.embedder.EclipseLogger - Using 'UTF-8' encoding to copy filtered resources.
2016-04-15 19:27:36,673 [Worker-284] INFO  o.e.m.c.i.embedder.EclipseLogger - skip non existing resourceDirectory C:\Users\Liaquat\Cucumber\workspace\KeywordDrivenFramework\src\main\resources
2016-04-15 19:27:36,674 [Worker-284] INFO  o.e.m.c.i.embedder.EclipseLogger - Using 'UTF-8' encoding to copy filtered resources.
2016-04-15 19:27:36,675 [Worker-284] INFO  o.e.m.c.i.embedder.EclipseLogger - Copying 1 resource
2016-04-15 19:28:50,743 [Worker-283] INFO  o.e.m.c.i.embedder.EclipseLogger - Using 'UTF-8' encoding to copy filtered resources.
2016-04-15 19:28:50,743 [Worker-283] INFO  o.e.m.c.i.embedder.EclipseLogger - skip non existing resourceDirectory C:\Users\Liaquat\Cucumber\workspace\KeywordDrivenFramework\src\main\resources
2016-04-15 19:28:50,745 [Worker-283] INFO  o.e.m.c.i.embedder.EclipseLogger - Using 'UTF-8' encoding to copy filtered resources.
2016-04-15 19:28:50,745 [Worker-283] INFO  o.e.m.c.i.embedder.EclipseLogger - Copying 1 resource
2016-04-15 19:30:49,958 [Worker-282] INFO  o.e.m.c.i.l.LifecycleMappingFactory - Using org.eclipse.m2e.jdt.JarLifecycleMapping lifecycle mapping for MavenProject: com.alimun.keywordframework:KeywordDrivenFramework:1.0-SNAPSHOT @ C:\Users\Liaquat\Cucumber\workspace\KeywordDrivenFramework\pom.xml.
2016-04-15 19:30:51,814 [Worker-282] INFO  o.e.m.c.i.embedder.EclipseLogger - Using 'UTF-8' encoding to copy filtered resources.
2016-04-15 19:30:51,814 [Worker-282] INFO  o.e.m.c.i.embedder.EclipseLogger - skip non existing resourceDirectory C:\Users\Liaquat\Cucumber\workspace\KeywordDrivenFramework\src\main\resources
2016-04-15 19:30:51,817 [Worker-282] INFO  o.e.m.c.i.embedder.EclipseLogger - Using 'UTF-8' encoding to copy filtered resources.
2016-04-15 19:30:51,820 [Worker-282] INFO  o.e.m.c.i.embedder.EclipseLogger - Copying 0 resource
2016-04-15 19:34:19,875 [Worker-279] INFO  o.e.m.c.i.l.LifecycleMappingFactory - Using org.eclipse.m2e.jdt.JarLifecycleMapping lifecycle mapping for MavenProject: com.alimun.keywordframework:KeywordDrivenFramework:1.0-SNAPSHOT @ C:\Users\Liaquat\Cucumber\workspace\KeywordDrivenFramework\pom.xml.
2016-04-15 19:34:21,677 [Worker-279] INFO  o.e.m.c.i.embedder.EclipseLogger - Using 'UTF-8' encoding to copy filtered resources.
2016-04-15 19:34:21,677 [Worker-279] INFO  o.e.m.c.i.embedder.EclipseLogger - skip non existing resourceDirectory C:\Users\Liaquat\Cucumber\workspace\KeywordDrivenFramework\src\main\resources
2016-04-15 19:34:21,679 [Worker-279] INFO  o.e.m.c.i.embedder.EclipseLogger - Using 'UTF-8' encoding to copy filtered resources.
2016-04-15 19:34:21,682 [Worker-279] INFO  o.e.m.c.i.embedder.EclipseLogger - Copying 0 resource
2016-04-15 19:34:31,938 [Worker-283] INFO  o.e.m.c.i.l.LifecycleMappingFactory - Using org.eclipse.m2e.jdt.JarLifecycleMapping lifecycle mapping for MavenProject: com.alimun.keywordframework:KeywordDrivenFramework:1.0-SNAPSHOT @ C:\Users\Liaquat\Cucumber\workspace\KeywordDrivenFramework\pom.xml.
2016-04-15 19:34:34,257 [Worker-283] INFO  o.e.m.c.i.embedder.EclipseLogger - Using 'UTF-8' encoding to copy filtered resources.
2016-04-15 19:34:34,257 [Worker-283] INFO  o.e.m.c.i.embedder.EclipseLogger - skip non existing resourceDirectory C:\Users\Liaquat\Cucumber\workspace\KeywordDrivenFramework\src\main\resources
2016-04-15 19:34:34,265 [Worker-283] INFO  o.e.m.c.i.embedder.EclipseLogger - Using 'UTF-8' encoding to copy filtered resources.
2016-04-15 19:34:34,268 [Worker-283] INFO  o.e.m.c.i.embedder.EclipseLogger - Copying 0 resource
2016-04-15 19:37:18,244 [Worker-279] INFO  o.e.m.c.i.embedder.EclipseLogger - Using 'UTF-8' encoding to copy filtered resources.
2016-04-15 19:37:18,245 [Worker-279] INFO  o.e.m.c.i.embedder.EclipseLogger - skip non existing resourceDirectory C:\Users\Liaquat\Cucumber\workspace\KeywordDrivenFramework\src\main\resources
2016-04-15 19:37:18,246 [Worker-279] INFO  o.e.m.c.i.embedder.EclipseLogger - Using 'UTF-8' encoding to copy filtered resources.
2016-04-15 19:37:18,248 [Worker-279] INFO  o.e.m.c.i.embedder.EclipseLogger - Copying 2 resources
2016-04-15 19:37:19,320 [Worker-280] INFO  o.e.m.c.i.embedder.EclipseLogger - Using 'UTF-8' encoding to copy filtered resources.
2016-04-15 19:37:19,321 [Worker-280] INFO  o.e.m.c.i.embedder.EclipseLogger - skip non existing resourceDirectory C:\Users\Liaquat\Cucumber\workspace\KeywordDrivenFramework\src\main\resources
2016-04-15 19:37:19,322 [Worker-280] INFO  o.e.m.c.i.embedder.EclipseLogger - Using 'UTF-8' encoding to copy filtered resources.
2016-04-15 19:37:19,323 [Worker-280] INFO  o.e.m.c.i.embedder.EclipseLogger - Copying 2 resources
2016-04-15 21:40:51,185 [Worker-292] INFO  o.e.m.c.i.embedder.EclipseLogger - Using 'UTF-8' encoding to copy filtered resources.
2016-04-15 21:40:51,793 [Worker-292] INFO  o.e.m.c.i.embedder.EclipseLogger - skip non existing resourceDirectory C:\Users\Liaquat\Cucumber\workspace\KeywordDrivenFramework\src\main\resources
2016-04-15 21:40:51,877 [Worker-292] INFO  o.e.m.c.i.embedder.EclipseLogger - Using 'UTF-8' encoding to copy filtered resources.
2016-04-15 21:40:51,885 [Worker-292] INFO  o.e.m.c.i.embedder.EclipseLogger - Copying 0 resource
2016-04-15 22:17:11,680 [Worker-280] INFO  o.e.m.c.i.l.LifecycleMappingFactory - Using org.eclipse.m2e.jdt.JarLifecycleMapping lifecycle mapping for MavenProject: com.alimun.keywordframework:KeywordDrivenFramework:1.0-SNAPSHOT @ C:\Users\Liaquat\Cucumber\workspace\KeywordDrivenFramework\pom.xml.
2016-04-15 22:17:13,905 [Worker-280] WARN  o.e.m.c.i.embedder.EclipseLogger - The POM for com.relevantcodes:extentreports:jar:2.41.0-SNAPSHOT is missing, no dependency information available
2016-04-15 22:17:20,190 [Worker-280] INFO  o.e.m.c.i.embedder.EclipseLogger - Using 'UTF-8' encoding to copy filtered resources.
2016-04-15 22:17:20,191 [Worker-280] INFO  o.e.m.c.i.embedder.EclipseLogger - skip non existing resourceDirectory C:\Users\Liaquat\Cucumber\workspace\KeywordDrivenFramework\src\main\resources
2016-04-15 22:17:20,194 [Worker-280] INFO  o.e.m.c.i.embedder.EclipseLogger - Using 'UTF-8' encoding to copy filtered resources.
2016-04-15 22:17:20,262 [Worker-280] INFO  o.e.m.c.i.embedder.EclipseLogger - Copying 0 resource
2016-04-15 22:18:28,458 [Worker-280] INFO  o.e.m.c.i.e.AbstractTransferListenerAdapter - Downloaded https://repo.maven.apache.org/maven2/com/relevantcodes/extentreports/2.40.0/extentreports-2.40.0.pom
2016-04-15 22:18:28,472 [Worker-280] WARN  o.e.m.c.i.embedder.EclipseLogger - The POM for com.relevantcodes:extentreports:jar:2.40.0 is missing, no dependency information available
2016-04-15 22:18:28,976 [Worker-280] INFO  o.e.m.c.i.e.AbstractTransferListenerAdapter - Downloaded https://repo.maven.apache.org/maven2/com/relevantcodes/extentreports/2.40.0/extentreports-2.40.0.jar
2016-04-15 22:18:29,057 [Worker-296] INFO  o.e.m.c.i.l.LifecycleMappingFactory - Using org.eclipse.m2e.jdt.JarLifecycleMapping lifecycle mapping for MavenProject: com.alimun.keywordframework:KeywordDrivenFramework:1.0-SNAPSHOT @ C:\Users\Liaquat\Cucumber\workspace\KeywordDrivenFramework\pom.xml.
2016-04-15 22:18:29,607 [Worker-296] WARN  o.e.m.c.i.embedder.EclipseLogger - The POM for com.relevantcodes:extentreports:jar:2.40.0 is missing, no dependency information available
2016-04-15 22:18:30,577 [Worker-296] INFO  o.e.m.c.i.embedder.EclipseLogger - Using 'UTF-8' encoding to copy filtered resources.
2016-04-15 22:18:30,577 [Worker-296] INFO  o.e.m.c.i.embedder.EclipseLogger - skip non existing resourceDirectory C:\Users\Liaquat\Cucumber\workspace\KeywordDrivenFramework\src\main\resources
2016-04-15 22:18:30,580 [Worker-296] INFO  o.e.m.c.i.embedder.EclipseLogger - Using 'UTF-8' encoding to copy filtered resources.
2016-04-15 22:18:30,583 [Worker-296] INFO  o.e.m.c.i.embedder.EclipseLogger - Copying 0 resource
2016-04-15 22:23:47,938 [Worker-285] WARN  o.e.m.c.i.embedder.EclipseLogger - The POM for com.relevantcodes:extentreports:jar:2.40.0 is missing, no dependency information available
2016-04-15 22:23:48,976 [Worker-285] INFO  o.e.m.c.i.embedder.EclipseLogger - Using 'UTF-8' encoding to copy filtered resources.
2016-04-15 22:23:48,976 [Worker-285] INFO  o.e.m.c.i.embedder.EclipseLogger - skip non existing resourceDirectory C:\Users\Liaquat\Cucumber\workspace\KeywordDrivenFramework\src\main\resources
2016-04-15 22:23:48,979 [Worker-285] INFO  o.e.m.c.i.embedder.EclipseLogger - Using 'UTF-8' encoding to copy filtered resources.
2016-04-15 22:23:48,980 [Worker-285] INFO  o.e.m.c.i.embedder.EclipseLogger - Copying 2 resources
2016-04-15 22:24:14,401 [Worker-280] INFO  o.e.m.c.i.l.LifecycleMappingFactory - Using org.eclipse.m2e.jdt.JarLifecycleMapping lifecycle mapping for MavenProject: com.alimun.keywordframework:KeywordDrivenFramework:1.0-SNAPSHOT @ C:\Users\Liaquat\Cucumber\workspace\KeywordDrivenFramework\pom.xml.
2016-04-15 22:24:17,321 [Worker-280] INFO  o.e.m.c.i.embedder.EclipseLogger - Using 'UTF-8' encoding to copy filtered resources.
2016-04-15 22:24:17,322 [Worker-280] INFO  o.e.m.c.i.embedder.EclipseLogger - skip non existing resourceDirectory C:\Users\Liaquat\Cucumber\workspace\KeywordDrivenFramework\src\main\resources
2016-04-15 22:24:17,349 [Worker-280] INFO  o.e.m.c.i.embedder.EclipseLogger - Using 'UTF-8' encoding to copy filtered resources.
2016-04-15 22:24:17,353 [Worker-280] INFO  o.e.m.c.i.embedder.EclipseLogger - Copying 0 resource
2016-04-15 22:24:30,385 [Worker-285] INFO  o.e.m.c.i.embedder.EclipseLogger - Using 'UTF-8' encoding to copy filtered resources.
2016-04-15 22:24:30,385 [Worker-285] INFO  o.e.m.c.i.embedder.EclipseLogger - skip non existing resourceDirectory C:\Users\Liaquat\Cucumber\workspace\KeywordDrivenFramework\src\main\resources
2016-04-15 22:24:30,405 [Worker-285] INFO  o.e.m.c.i.embedder.EclipseLogger - Using 'UTF-8' encoding to copy filtered resources.
2016-04-15 22:24:30,406 [Worker-285] INFO  o.e.m.c.i.embedder.EclipseLogger - Copying 2 resources
2016-04-15 22:25:28,263 [Worker-295] INFO  o.e.m.c.i.embedder.EclipseLogger - Using 'UTF-8' encoding to copy filtered resources.
2016-04-15 22:25:28,264 [Worker-295] INFO  o.e.m.c.i.embedder.EclipseLogger - skip non existing resourceDirectory C:\Users\Liaquat\Cucumber\workspace\KeywordDrivenFramework\src\main\resources
2016-04-15 22:25:28,265 [Worker-295] INFO  o.e.m.c.i.embedder.EclipseLogger - Using 'UTF-8' encoding to copy filtered resources.
2016-04-15 22:25:28,266 [Worker-295] INFO  o.e.m.c.i.embedder.EclipseLogger - Copying 2 resources
2016-04-15 22:50:05,326 [Worker-299] INFO  o.e.m.c.i.embedder.EclipseLogger - Using 'UTF-8' encoding to copy filtered resources.
2016-04-15 22:50:05,327 [Worker-299] INFO  o.e.m.c.i.embedder.EclipseLogger - skip non existing resourceDirectory C:\Users\Liaquat\Cucumber\workspace\KeywordDrivenFramework\src\main\resources
2016-04-15 22:50:05,328 [Worker-299] INFO  o.e.m.c.i.embedder.EclipseLogger - Using 'UTF-8' encoding to copy filtered resources.
2016-04-15 22:50:05,330 [Worker-299] INFO  o.e.m.c.i.embedder.EclipseLogger - Copying 2 resources
2016-04-15 23:47:33,458 [Worker-302] INFO  o.e.m.c.i.embedder.EclipseLogger - Using 'UTF-8' encoding to copy filtered resources.
2016-04-15 23:47:33,605 [Worker-302] INFO  o.e.m.c.i.embedder.EclipseLogger - skip non existing resourceDirectory C:\Users\Liaquat\Cucumber\workspace\KeywordDrivenFramework\src\main\resources
2016-04-15 23:47:33,607 [Worker-302] INFO  o.e.m.c.i.embedder.EclipseLogger - Using 'UTF-8' encoding to copy filtered resources.
2016-04-15 23:47:33,610 [Worker-302] INFO  o.e.m.c.i.embedder.EclipseLogger - Copying 2 resources
2016-04-15 23:51:50,061 [Worker-298] INFO  o.e.m.c.i.embedder.EclipseLogger - Using 'UTF-8' encoding to copy filtered resources.
2016-04-15 23:51:50,061 [Worker-298] INFO  o.e.m.c.i.embedder.EclipseLogger - skip non existing resourceDirectory C:\Users\Liaquat\Cucumber\workspace\KeywordDrivenFramework\src\main\resources
2016-04-15 23:51:50,062 [Worker-298] INFO  o.e.m.c.i.embedder.EclipseLogger - Using 'UTF-8' encoding to copy filtered resources.
2016-04-15 23:51:50,064 [Worker-298] INFO  o.e.m.c.i.embedder.EclipseLogger - Copying 2 resources
2016-04-15 23:58:08,594 [Worker-305] INFO  o.e.m.c.i.embedder.EclipseLogger - Using 'UTF-8' encoding to copy filtered resources.
2016-04-15 23:58:08,594 [Worker-305] INFO  o.e.m.c.i.embedder.EclipseLogger - skip non existing resourceDirectory C:\Users\Liaquat\Cucumber\workspace\KeywordDrivenFramework\src\main\resources
2016-04-15 23:58:08,624 [Worker-305] INFO  o.e.m.c.i.embedder.EclipseLogger - Using 'UTF-8' encoding to copy filtered resources.
2016-04-15 23:58:08,625 [Worker-305] INFO  o.e.m.c.i.embedder.EclipseLogger - Copying 2 resources
2016-04-15 23:59:08,034 [Worker-298] INFO  o.e.m.c.i.embedder.EclipseLogger - Using 'UTF-8' encoding to copy filtered resources.
2016-04-15 23:59:08,034 [Worker-298] INFO  o.e.m.c.i.embedder.EclipseLogger - skip non existing resourceDirectory C:\Users\Liaquat\Cucumber\workspace\KeywordDrivenFramework\src\main\resources
2016-04-15 23:59:08,035 [Worker-298] INFO  o.e.m.c.i.embedder.EclipseLogger - Using 'UTF-8' encoding to copy filtered resources.
2016-04-15 23:59:08,036 [Worker-298] INFO  o.e.m.c.i.embedder.EclipseLogger - Copying 2 resources
2016-04-16 00:08:53,768 [Worker-302] INFO  o.e.m.c.i.embedder.EclipseLogger - Using 'UTF-8' encoding to copy filtered resources.
2016-04-16 00:08:53,768 [Worker-302] INFO  o.e.m.c.i.embedder.EclipseLogger - skip non existing resourceDirectory C:\Users\Liaquat\Cucumber\workspace\KeywordDrivenFramework\src\main\resources
2016-04-16 00:08:53,769 [Worker-302] INFO  o.e.m.c.i.embedder.EclipseLogger - Using 'UTF-8' encoding to copy filtered resources.
2016-04-16 00:08:53,771 [Worker-302] INFO  o.e.m.c.i.embedder.EclipseLogger - Copying 2 resources
2016-04-16 00:33:00,641 [Worker-303] INFO  o.e.m.c.i.embedder.EclipseLogger - Using 'UTF-8' encoding to copy filtered resources.
2016-04-16 00:33:00,642 [Worker-303] INFO  o.e.m.c.i.embedder.EclipseLogger - skip non existing resourceDirectory C:\Users\Liaquat\Cucumber\workspace\KeywordDrivenFramework\src\main\resources
2016-04-16 00:33:00,643 [Worker-303] INFO  o.e.m.c.i.embedder.EclipseLogger - Using 'UTF-8' encoding to copy filtered resources.
2016-04-16 00:33:00,644 [Worker-303] INFO  o.e.m.c.i.embedder.EclipseLogger - Copying 2 resources
2016-04-16 00:33:49,941 [Worker-312] INFO  o.e.m.c.i.embedder.EclipseLogger - Using 'UTF-8' encoding to copy filtered resources.
2016-04-16 00:33:49,941 [Worker-312] INFO  o.e.m.c.i.embedder.EclipseLogger - skip non existing resourceDirectory C:\Users\Liaquat\Cucumber\workspace\KeywordDrivenFramework\src\main\resources
2016-04-16 00:33:49,942 [Worker-312] INFO  o.e.m.c.i.embedder.EclipseLogger - Using 'UTF-8' encoding to copy filtered resources.
2016-04-16 00:33:49,943 [Worker-312] INFO  o.e.m.c.i.embedder.EclipseLogger - Copying 2 resources
2016-04-16 00:41:39,273 [Worker-311] INFO  o.e.m.c.i.l.LifecycleMappingFactory - Using org.eclipse.m2e.jdt.JarLifecycleMapping lifecycle mapping for MavenProject: com.alimun.keywordframework:KeywordDrivenFramework:1.0-SNAPSHOT @ C:\Users\Liaquat\Cucumber\workspace\KeywordDrivenFramework\pom.xml.
2016-04-16 00:41:42,249 [Worker-311] INFO  o.e.m.c.i.embedder.EclipseLogger - Using 'UTF-8' encoding to copy filtered resources.
2016-04-16 00:41:42,249 [Worker-311] INFO  o.e.m.c.i.embedder.EclipseLogger - skip non existing resourceDirectory C:\Users\Liaquat\Cucumber\workspace\KeywordDrivenFramework\src\main\resources
2016-04-16 00:41:42,251 [Worker-311] INFO  o.e.m.c.i.embedder.EclipseLogger - Using 'UTF-8' encoding to copy filtered resources.
2016-04-16 00:41:42,284 [Worker-311] INFO  o.e.m.c.i.embedder.EclipseLogger - Copying 0 resource
2016-04-16 00:48:10,148 [Worker-302] INFO  o.e.m.c.i.embedder.EclipseLogger - Using 'UTF-8' encoding to copy filtered resources.
2016-04-16 00:48:10,149 [Worker-302] INFO  o.e.m.c.i.embedder.EclipseLogger - skip non existing resourceDirectory C:\Users\Liaquat\Cucumber\workspace\KeywordDrivenFramework\src\main\resources
2016-04-16 00:48:10,150 [Worker-302] INFO  o.e.m.c.i.embedder.EclipseLogger - Using 'UTF-8' encoding to copy filtered resources.
2016-04-16 00:48:10,151 [Worker-302] INFO  o.e.m.c.i.embedder.EclipseLogger - Copying 0 resource
2016-04-16 00:52:57,989 [Worker-318] INFO  o.e.m.c.i.embedder.EclipseLogger - Using 'UTF-8' encoding to copy filtered resources.
2016-04-16 00:52:57,989 [Worker-318] INFO  o.e.m.c.i.embedder.EclipseLogger - skip non existing resourceDirectory C:\Users\Liaquat\Cucumber\workspace\KeywordDrivenFramework\src\main\resources
2016-04-16 00:52:57,990 [Worker-318] INFO  o.e.m.c.i.embedder.EclipseLogger - Using 'UTF-8' encoding to copy filtered resources.
2016-04-16 00:52:57,992 [Worker-318] INFO  o.e.m.c.i.embedder.EclipseLogger - Copying 2 resources
2016-04-16 00:54:16,823 [Worker-311] INFO  o.e.m.c.i.embedder.EclipseLogger - Using 'UTF-8' encoding to copy filtered resources.
2016-04-16 00:54:16,824 [Worker-311] INFO  o.e.m.c.i.embedder.EclipseLogger - skip non existing resourceDirectory C:\Users\Liaquat\Cucumber\workspace\KeywordDrivenFramework\src\main\resources
2016-04-16 00:54:16,825 [Worker-311] INFO  o.e.m.c.i.embedder.EclipseLogger - Using 'UTF-8' encoding to copy filtered resources.
2016-04-16 00:54:16,826 [Worker-311] INFO  o.e.m.c.i.embedder.EclipseLogger - Copying 0 resource
2016-04-16 01:01:16,892 [Worker-317] INFO  o.e.m.c.i.embedder.EclipseLogger - Using 'UTF-8' encoding to copy filtered resources.
2016-04-16 01:01:16,893 [Worker-317] INFO  o.e.m.c.i.embedder.EclipseLogger - skip non existing resourceDirectory C:\Users\Liaquat\Cucumber\workspace\KeywordDrivenFramework\src\main\resources
2016-04-16 01:01:16,894 [Worker-317] INFO  o.e.m.c.i.embedder.EclipseLogger - Using 'UTF-8' encoding to copy filtered resources.
2016-04-16 01:01:16,895 [Worker-317] INFO  o.e.m.c.i.embedder.EclipseLogger - Copying 2 resources
2016-04-16 01:05:20,242 [Worker-317] INFO  o.e.m.c.i.embedder.EclipseLogger - Using 'UTF-8' encoding to copy filtered resources.
2016-04-16 01:05:20,242 [Worker-317] INFO  o.e.m.c.i.embedder.EclipseLogger - skip non existing resourceDirectory C:\Users\Liaquat\Cucumber\workspace\KeywordDrivenFramework\src\main\resources
2016-04-16 01:05:20,243 [Worker-317] INFO  o.e.m.c.i.embedder.EclipseLogger - Using 'UTF-8' encoding to copy filtered resources.
2016-04-16 01:05:20,245 [Worker-317] INFO  o.e.m.c.i.embedder.EclipseLogger - Copying 2 resources
2016-04-17 00:19:44,864 [Worker-367] INFO  o.e.m.c.i.embedder.EclipseLogger - Using 'UTF-8' encoding to copy filtered resources.
2016-04-17 00:19:45,316 [Worker-367] INFO  o.e.m.c.i.embedder.EclipseLogger - skip non existing resourceDirectory C:\Users\Liaquat\Cucumber\workspace\KeywordDrivenFramework\src\main\resources
2016-04-17 00:19:45,388 [Worker-367] INFO  o.e.m.c.i.embedder.EclipseLogger - Using 'UTF-8' encoding to copy filtered resources.
2016-04-17 00:19:45,432 [Worker-367] INFO  o.e.m.c.i.embedder.EclipseLogger - Copying 0 resource
